  birch.cpp
D:\Уник\2 курс\ООП\Курсач\birch\Fraction.h(12,11): warning C4244: инициализация: преобразование "int" в "float", возможна потеря данных
D:\Уник\2 курс\ООП\Курсач\birch\Fraction.h(13,11): warning C4244: инициализация: преобразование "int" в "float", возможна потеря данных
D:\Уник\2 курс\ООП\Курсач\birch\Fraction.h(21,11): warning C4244: инициализация: преобразование "int" в "float", возможна потеря данных
D:\Уник\2 курс\ООП\Курсач\birch\Fraction.h(22,11): warning C4244: инициализация: преобразование "int" в "float", возможна потеря данных
D:\Уник\2 курс\ООП\Курсач\birch\Fraction.h(30,11): warning C4244: инициализация: преобразование "int" в "float", возможна потеря данных
D:\Уник\2 курс\ООП\Курсач\birch\Fraction.h(31,11): warning C4244: инициализация: преобразование "const int" в "float", возможна потеря данных
D:\Уник\2 курс\ООП\Курсач\birch\Fraction.h(38,10): warning C4244: =: преобразование "float" в "int", возможна потеря данных
D:\Уник\2 курс\ООП\Курсач\birch\Fraction.h(41,10): warning C4244: =: преобразование "float" в "int", возможна потеря данных
D:\Уник\2 курс\ООП\Курсач\birch\Fraction.h(57,11): warning C4244: инициализация: преобразование "int" в "float", возможна потеря данных
D:\Уник\2 курс\ООП\Курсач\birch\Fraction.h(58,11): warning C4244: инициализация: преобразование "const int" в "float", возможна потеря данных
D:\Уник\2 курс\ООП\Курсач\birch\Fraction.h(65,10): warning C4244: =: преобразование "float" в "int", возможна потеря данных
D:\Уник\2 курс\ООП\Курсач\birch\Fraction.h(68,10): warning C4244: =: преобразование "float" в "int", возможна потеря данных
D:\Уник\2 курс\ООП\Курсач\birch\Fraction.h(86,11): warning C4244: инициализация: преобразование "int" в "float", возможна потеря данных
D:\Уник\2 курс\ООП\Курсач\birch\Fraction.h(94,11): warning C4244: инициализация: преобразование "int" в "float", возможна потеря данных
D:\Уник\2 курс\ООП\Курсач\birch\Fraction.h(104,11): warning C4244: инициализация: преобразование "int" в "float", возможна потеря данных
D:\Уник\2 курс\ООП\Курсач\birch\Fraction.h(109,11): warning C4244: инициализация: преобразование "int" в "float", возможна потеря данных
D:\Уник\2 курс\ООП\Курсач\birch\Test.h(41,30): warning C4305: аргумент: усечение из "double" в "float"
D:\Уник\2 курс\ООП\Курсач\birch\Test.h(156,29): warning C4267: =: преобразование из "size_t" в "int"; возможна потеря данных
  birch.vcxproj -> D:\Уник\2 курс\ООП\Курсач\birch\x64\Debug\birch2024.exe
